{"/mnt/d/Work/hexletUserHelp/frontend-project-lvl2/index.js": {"path":"/mnt/d/Work/hexletUserHelp/frontend-project-lvl2/index.js","all":false,"statementMap":{"0":{"start":{"line":1,"column":0},"end":{"line":1,"column":37}},"1":{"start":{"line":2,"column":0},"end":{"line":2,"column":0}},"2":{"start":{"line":3,"column":0},"end":{"line":3,"column":23}}},"s":{"0":1,"1":1,"2":1},"branchMap":{},"b":{},"fnMap":{},"f":{}}
,"/mnt/d/Work/hexletUserHelp/frontend-project-lvl2/__fixtures__/gendiff.fixture.js": {"path":"/mnt/d/Work/hexletUserHelp/frontend-project-lvl2/__fixtures__/gendiff.fixture.js","all":false,"statementMap":{"0":{"start":{"line":1,"column":0},"end":{"line":1,"column":142}},"1":{"start":{"line":2,"column":0},"end":{"line":2,"column":38}},"2":{"start":{"line":3,"column":0},"end":{"line":3,"column":38}},"3":{"start":{"line":4,"column":0},"end":{"line":4,"column":37}},"4":{"start":{"line":5,"column":0},"end":{"line":5,"column":38}}},"s":{"0":1,"1":1,"2":1,"3":1,"4":1},"branchMap":{},"b":{},"fnMap":{},"f":{}}
,"/mnt/d/Work/hexletUserHelp/frontend-project-lvl2/src/genDiffTree.js": {"path":"/mnt/d/Work/hexletUserHelp/frontend-project-lvl2/src/genDiffTree.js","all":false,"statementMap":{"0":{"start":{"line":1,"column":0},"end":{"line":1,"column":23}},"1":{"start":{"line":2,"column":0},"end":{"line":2,"column":0}},"2":{"start":{"line":3,"column":0},"end":{"line":3,"column":39}},"3":{"start":{"line":4,"column":0},"end":{"line":4,"column":70}},"4":{"start":{"line":5,"column":0},"end":{"line":5,"column":43}},"5":{"start":{"line":6,"column":0},"end":{"line":6,"column":0}},"6":{"start":{"line":7,"column":0},"end":{"line":7,"column":46}},"7":{"start":{"line":8,"column":0},"end":{"line":8,"column":28}},"8":{"start":{"line":9,"column":0},"end":{"line":9,"column":28}},"9":{"start":{"line":10,"column":0},"end":{"line":10,"column":0}},"10":{"start":{"line":11,"column":0},"end":{"line":11,"column":38}},"11":{"start":{"line":12,"column":0},"end":{"line":12,"column":38}},"12":{"start":{"line":13,"column":0},"end":{"line":13,"column":0}},"13":{"start":{"line":14,"column":0},"end":{"line":14,"column":18}},"14":{"start":{"line":15,"column":0},"end":{"line":15,"column":51}},"15":{"start":{"line":16,"column":0},"end":{"line":16,"column":5}},"16":{"start":{"line":17,"column":0},"end":{"line":17,"column":18}},"17":{"start":{"line":18,"column":0},"end":{"line":18,"column":49}},"18":{"start":{"line":19,"column":0},"end":{"line":19,"column":5}},"19":{"start":{"line":20,"column":0},"end":{"line":20,"column":57}},"20":{"start":{"line":21,"column":0},"end":{"line":21,"column":72}},"21":{"start":{"line":22,"column":0},"end":{"line":22,"column":5}},"22":{"start":{"line":23,"column":0},"end":{"line":23,"column":33}},"23":{"start":{"line":24,"column":0},"end":{"line":24,"column":14}},"24":{"start":{"line":25,"column":0},"end":{"line":25,"column":57}},"25":{"start":{"line":26,"column":0},"end":{"line":26,"column":8}},"26":{"start":{"line":27,"column":0},"end":{"line":27,"column":5}},"27":{"start":{"line":28,"column":0},"end":{"line":28,"column":51}},"28":{"start":{"line":29,"column":0},"end":{"line":29,"column":5}},"29":{"start":{"line":30,"column":0},"end":{"line":30,"column":0}},"30":{"start":{"line":31,"column":0},"end":{"line":31,"column":20}},"31":{"start":{"line":32,"column":0},"end":{"line":32,"column":2}},"32":{"start":{"line":33,"column":0},"end":{"line":33,"column":0}},"33":{"start":{"line":34,"column":0},"end":{"line":34,"column":27}}},"s":{"0":1,"1":1,"2":1,"3":24,"4":24,"5":24,"6":24,"7":92,"8":92,"9":92,"10":92,"11":92,"12":92,"13":92,"14":10,"15":10,"16":92,"17":24,"18":24,"19":92,"20":20,"21":20,"22":92,"23":26,"24":26,"25":26,"26":26,"27":12,"28":12,"29":24,"30":24,"31":24,"32":1,"33":1},"branchMap":{"0":{"type":"branch","line":3,"loc":{"start":{"line":3,"column":20},"end":{"line":32,"column":2}},"locations":[{"start":{"line":3,"column":20},"end":{"line":32,"column":2}}]},"1":{"type":"branch","line":7,"loc":{"start":{"line":7,"column":37},"end":{"line":29,"column":5}},"locations":[{"start":{"line":7,"column":37},"end":{"line":29,"column":5}}]},"2":{"type":"branch","line":14,"loc":{"start":{"line":14,"column":17},"end":{"line":16,"column":5}},"locations":[{"start":{"line":14,"column":17},"end":{"line":16,"column":5}}]},"3":{"type":"branch","line":17,"loc":{"start":{"line":17,"column":-1},"end":{"line":17,"column":8}},"locations":[{"start":{"line":17,"column":-1},"end":{"line":17,"column":8}}]},"4":{"type":"branch","line":17,"loc":{"start":{"line":17,"column":17},"end":{"line":19,"column":5}},"locations":[{"start":{"line":17,"column":17},"end":{"line":19,"column":5}}]},"5":{"type":"branch","line":20,"loc":{"start":{"line":20,"column":-1},"end":{"line":20,"column":9}},"locations":[{"start":{"line":20,"column":-1},"end":{"line":20,"column":9}}]},"6":{"type":"branch","line":20,"loc":{"start":{"line":20,"column":8},"end":{"line":20,"column":34}},"locations":[{"start":{"line":20,"column":8},"end":{"line":20,"column":34}}]},"7":{"type":"branch","line":20,"loc":{"start":{"line":20,"column":56},"end":{"line":22,"column":5}},"locations":[{"start":{"line":20,"column":56},"end":{"line":22,"column":5}}]},"8":{"type":"branch","line":23,"loc":{"start":{"line":23,"column":-1},"end":{"line":23,"column":8}},"locations":[{"start":{"line":23,"column":-1},"end":{"line":23,"column":8}}]},"9":{"type":"branch","line":23,"loc":{"start":{"line":23,"column":32},"end":{"line":27,"column":5}},"locations":[{"start":{"line":23,"column":32},"end":{"line":27,"column":5}}]},"10":{"type":"branch","line":28,"loc":{"start":{"line":28,"column":-1},"end":{"line":29,"column":5}},"locations":[{"start":{"line":28,"column":-1},"end":{"line":29,"column":5}}]}},"b":{"0":[24],"1":[92],"2":[10],"3":[82],"4":[24],"5":[58],"6":[24],"7":[20],"8":[38],"9":[26],"10":[12]},"fnMap":{"0":{"name":"genDiffTree","decl":{"start":{"line":3,"column":20},"end":{"line":32,"column":2}},"loc":{"start":{"line":3,"column":20},"end":{"line":32,"column":2}},"line":3}},"f":{"0":24}}
,"/mnt/d/Work/hexletUserHelp/frontend-project-lvl2/src/index.js": {"path":"/mnt/d/Work/hexletUserHelp/frontend-project-lvl2/src/index.js","all":false,"statementMap":{"0":{"start":{"line":1,"column":0},"end":{"line":1,"column":34}},"1":{"start":{"line":2,"column":0},"end":{"line":2,"column":24}},"2":{"start":{"line":3,"column":0},"end":{"line":3,"column":52}},"3":{"start":{"line":4,"column":0},"end":{"line":4,"column":43}},"4":{"start":{"line":5,"column":0},"end":{"line":5,"column":40}},"5":{"start":{"line":6,"column":0},"end":{"line":6,"column":0}},"6":{"start":{"line":7,"column":0},"end":{"line":7,"column":31}},"7":{"start":{"line":8,"column":0},"end":{"line":8,"column":57}},"8":{"start":{"line":9,"column":0},"end":{"line":9,"column":48}},"9":{"start":{"line":10,"column":0},"end":{"line":10,"column":2}},"10":{"start":{"line":11,"column":0},"end":{"line":11,"column":0}},"11":{"start":{"line":12,"column":0},"end":{"line":12,"column":55}},"12":{"start":{"line":13,"column":0},"end":{"line":13,"column":61}},"13":{"start":{"line":14,"column":0},"end":{"line":14,"column":61}},"14":{"start":{"line":15,"column":0},"end":{"line":15,"column":0}},"15":{"start":{"line":16,"column":0},"end":{"line":16,"column":50}},"16":{"start":{"line":17,"column":0},"end":{"line":17,"column":50}},"17":{"start":{"line":18,"column":0},"end":{"line":18,"column":0}},"18":{"start":{"line":19,"column":0},"end":{"line":19,"column":47}},"19":{"start":{"line":20,"column":0},"end":{"line":20,"column":0}},"20":{"start":{"line":21,"column":0},"end":{"line":21,"column":45}},"21":{"start":{"line":22,"column":0},"end":{"line":22,"column":2}},"22":{"start":{"line":23,"column":0},"end":{"line":23,"column":0}},"23":{"start":{"line":24,"column":0},"end":{"line":24,"column":23}}},"s":{"0":1,"1":1,"2":1,"3":1,"4":1,"5":1,"6":1,"7":6,"8":6,"9":6,"10":1,"11":1,"12":3,"13":3,"14":3,"15":3,"16":3,"17":3,"18":3,"19":3,"20":3,"21":3,"22":1,"23":1},"branchMap":{"0":{"type":"branch","line":7,"loc":{"start":{"line":7,"column":17},"end":{"line":10,"column":2}},"locations":[{"start":{"line":7,"column":17},"end":{"line":10,"column":2}}]},"1":{"type":"branch","line":12,"loc":{"start":{"line":12,"column":16},"end":{"line":22,"column":2}},"locations":[{"start":{"line":12,"column":16},"end":{"line":22,"column":2}}]}},"b":{"0":[6],"1":[3]},"fnMap":{"0":{"name":"getPath","decl":{"start":{"line":7,"column":17},"end":{"line":10,"column":2}},"loc":{"start":{"line":7,"column":17},"end":{"line":10,"column":2}},"line":7},"1":{"name":"genDiff","decl":{"start":{"line":12,"column":16},"end":{"line":22,"column":2}},"loc":{"start":{"line":12,"column":16},"end":{"line":22,"column":2}},"line":12}},"f":{"0":6,"1":3}}
,"/mnt/d/Work/hexletUserHelp/frontend-project-lvl2/src/parsers.js": {"path":"/mnt/d/Work/hexletUserHelp/frontend-project-lvl2/src/parsers.js","all":false,"statementMap":{"0":{"start":{"line":1,"column":0},"end":{"line":1,"column":27}},"1":{"start":{"line":2,"column":0},"end":{"line":2,"column":24}},"2":{"start":{"line":3,"column":0},"end":{"line":3,"column":0}},"3":{"start":{"line":4,"column":0},"end":{"line":4,"column":17}},"4":{"start":{"line":5,"column":0},"end":{"line":5,"column":22}},"5":{"start":{"line":6,"column":0},"end":{"line":6,"column":21}},"6":{"start":{"line":7,"column":0},"end":{"line":7,"column":20}},"7":{"start":{"line":8,"column":0},"end":{"line":8,"column":2}},"8":{"start":{"line":9,"column":0},"end":{"line":9,"column":0}},"9":{"start":{"line":10,"column":0},"end":{"line":10,"column":49}},"10":{"start":{"line":11,"column":0},"end":{"line":11,"column":43}},"11":{"start":{"line":12,"column":0},"end":{"line":12,"column":0}},"12":{"start":{"line":13,"column":0},"end":{"line":13,"column":69}},"13":{"start":{"line":14,"column":0},"end":{"line":14,"column":0}},"14":{"start":{"line":15,"column":0},"end":{"line":15,"column":41}},"15":{"start":{"line":16,"column":0},"end":{"line":16,"column":2}},"16":{"start":{"line":17,"column":0},"end":{"line":17,"column":0}},"17":{"start":{"line":18,"column":0},"end":{"line":18,"column":28}}},"s":{"0":1,"1":1,"2":1,"3":1,"4":1,"5":1,"6":1,"7":1,"8":1,"9":1,"10":8,"11":8,"12":8,"13":8,"14":8,"15":8,"16":1,"17":1},"branchMap":{"0":{"type":"branch","line":10,"loc":{"start":{"line":10,"column":21},"end":{"line":16,"column":2}},"locations":[{"start":{"line":10,"column":21},"end":{"line":16,"column":2}}]},"1":{"type":"branch","line":13,"loc":{"start":{"line":13,"column":27},"end":{"line":13,"column":33}},"locations":[{"start":{"line":13,"column":27},"end":{"line":13,"column":33}}]}},"b":{"0":[8],"1":[0]},"fnMap":{"0":{"name":"parseRowData","decl":{"start":{"line":10,"column":21},"end":{"line":16,"column":2}},"loc":{"start":{"line":10,"column":21},"end":{"line":16,"column":2}},"line":10}},"f":{"0":8}}
,"/mnt/d/Work/hexletUserHelp/frontend-project-lvl2/src/formatters/index.js": {"path":"/mnt/d/Work/hexletUserHelp/frontend-project-lvl2/src/formatters/index.js","all":false,"statementMap":{"0":{"start":{"line":1,"column":0},"end":{"line":1,"column":35}},"1":{"start":{"line":2,"column":0},"end":{"line":2,"column":31}},"2":{"start":{"line":3,"column":0},"end":{"line":3,"column":0}},"3":{"start":{"line":4,"column":0},"end":{"line":4,"column":20}},"4":{"start":{"line":5,"column":0},"end":{"line":5,"column":10}},"5":{"start":{"line":6,"column":0},"end":{"line":6,"column":8}},"6":{"start":{"line":7,"column":0},"end":{"line":7,"column":23}},"7":{"start":{"line":8,"column":0},"end":{"line":8,"column":2}},"8":{"start":{"line":9,"column":0},"end":{"line":9,"column":0}},"9":{"start":{"line":10,"column":0},"end":{"line":10,"column":67}},"10":{"start":{"line":11,"column":0},"end":{"line":11,"column":0}},"11":{"start":{"line":12,"column":0},"end":{"line":12,"column":31}}},"s":{"0":1,"1":1,"2":1,"3":1,"4":1,"5":1,"6":1,"7":1,"8":1,"9":1,"10":1,"11":1},"branchMap":{"0":{"type":"branch","line":10,"loc":{"start":{"line":10,"column":24},"end":{"line":10,"column":52}},"locations":[{"start":{"line":10,"column":24},"end":{"line":10,"column":52}}]}},"b":{"0":[3]},"fnMap":{"0":{"name":"chooseFormatter","decl":{"start":{"line":10,"column":24},"end":{"line":10,"column":52}},"loc":{"start":{"line":10,"column":24},"end":{"line":10,"column":52}},"line":10}},"f":{"0":3}}
,"/mnt/d/Work/hexletUserHelp/frontend-project-lvl2/src/formatters/plain.js": {"path":"/mnt/d/Work/hexletUserHelp/frontend-project-lvl2/src/formatters/plain.js","all":false,"statementMap":{"0":{"start":{"line":1,"column":0},"end":{"line":1,"column":23}},"1":{"start":{"line":2,"column":0},"end":{"line":2,"column":0}},"2":{"start":{"line":3,"column":0},"end":{"line":3,"column":30}},"3":{"start":{"line":4,"column":0},"end":{"line":4,"column":36}},"4":{"start":{"line":5,"column":0},"end":{"line":5,"column":50}},"5":{"start":{"line":6,"column":0},"end":{"line":6,"column":45}},"6":{"start":{"line":7,"column":0},"end":{"line":7,"column":23}},"7":{"start":{"line":8,"column":0},"end":{"line":8,"column":2}},"8":{"start":{"line":9,"column":0},"end":{"line":9,"column":0}},"9":{"start":{"line":10,"column":0},"end":{"line":10,"column":79}},"10":{"start":{"line":11,"column":0},"end":{"line":11,"column":0}},"11":{"start":{"line":12,"column":0},"end":{"line":12,"column":15}},"12":{"start":{"line":13,"column":0},"end":{"line":13,"column":86}},"13":{"start":{"line":14,"column":0},"end":{"line":14,"column":148}},"14":{"start":{"line":15,"column":0},"end":{"line":15,"column":81}},"15":{"start":{"line":16,"column":0},"end":{"line":16,"column":116}},"16":{"start":{"line":17,"column":0},"end":{"line":17,"column":22}},"17":{"start":{"line":18,"column":0},"end":{"line":18,"column":2}},"18":{"start":{"line":19,"column":0},"end":{"line":19,"column":0}},"19":{"start":{"line":20,"column":0},"end":{"line":20,"column":36}},"20":{"start":{"line":21,"column":0},"end":{"line":21,"column":139}},"21":{"start":{"line":22,"column":0},"end":{"line":22,"column":0}},"22":{"start":{"line":23,"column":0},"end":{"line":23,"column":27}},"23":{"start":{"line":24,"column":0},"end":{"line":24,"column":2}},"24":{"start":{"line":25,"column":0},"end":{"line":25,"column":0}},"25":{"start":{"line":26,"column":0},"end":{"line":26,"column":21}}},"s":{"0":1,"1":1,"2":1,"3":13,"4":13,"5":13,"6":2,"7":2,"8":1,"9":1,"10":1,"11":1,"12":1,"13":1,"14":1,"15":1,"16":1,"17":1,"18":1,"19":1,"20":5,"21":5,"22":5,"23":5,"24":1,"25":1},"branchMap":{"0":{"type":"branch","line":3,"loc":{"start":{"line":3,"column":19},"end":{"line":8,"column":2}},"locations":[{"start":{"line":3,"column":19},"end":{"line":8,"column":2}}]},"1":{"type":"branch","line":4,"loc":{"start":{"line":4,"column":23},"end":{"line":4,"column":30}},"locations":[{"start":{"line":4,"column":23},"end":{"line":4,"column":30}}]},"2":{"type":"branch","line":4,"loc":{"start":{"line":4,"column":23},"end":{"line":5,"column":6}},"locations":[{"start":{"line":4,"column":23},"end":{"line":5,"column":6}}]},"3":{"type":"branch","line":5,"loc":{"start":{"line":5,"column":25},"end":{"line":5,"column":32}},"locations":[{"start":{"line":5,"column":25},"end":{"line":5,"column":32}}]},"4":{"type":"branch","line":5,"loc":{"start":{"line":5,"column":25},"end":{"line":6,"column":6}},"locations":[{"start":{"line":5,"column":25},"end":{"line":6,"column":6}}]},"5":{"type":"branch","line":6,"loc":{"start":{"line":6,"column":25},"end":{"line":6,"column":33}},"locations":[{"start":{"line":6,"column":25},"end":{"line":6,"column":33}}]},"6":{"type":"branch","line":6,"loc":{"start":{"line":6,"column":25},"end":{"line":8,"column":2}},"locations":[{"start":{"line":6,"column":25},"end":{"line":8,"column":2}}]},"7":{"type":"branch","line":10,"loc":{"start":{"line":10,"column":20},"end":{"line":10,"column":79}},"locations":[{"start":{"line":10,"column":20},"end":{"line":10,"column":79}}]},"8":{"type":"branch","line":10,"loc":{"start":{"line":10,"column":36},"end":{"line":10,"column":62}},"locations":[{"start":{"line":10,"column":36},"end":{"line":10,"column":62}}]},"9":{"type":"branch","line":10,"loc":{"start":{"line":10,"column":36},"end":{"line":10,"column":79}},"locations":[{"start":{"line":10,"column":36},"end":{"line":10,"column":79}}]},"10":{"type":"branch","line":13,"loc":{"start":{"line":13,"column":10},"end":{"line":13,"column":52}},"locations":[{"start":{"line":13,"column":10},"end":{"line":13,"column":52}}]},"11":{"type":"branch","line":14,"loc":{"start":{"line":14,"column":11},"end":{"line":14,"column":148}},"locations":[{"start":{"line":14,"column":11},"end":{"line":14,"column":148}}]},"12":{"type":"branch","line":15,"loc":{"start":{"line":15,"column":11},"end":{"line":15,"column":81}},"locations":[{"start":{"line":15,"column":11},"end":{"line":15,"column":81}}]},"13":{"type":"branch","line":16,"loc":{"start":{"line":16,"column":9},"end":{"line":16,"column":116}},"locations":[{"start":{"line":16,"column":9},"end":{"line":16,"column":116}}]},"14":{"type":"branch","line":17,"loc":{"start":{"line":17,"column":13},"end":{"line":17,"column":22}},"locations":[{"start":{"line":17,"column":13},"end":{"line":17,"column":22}}]},"15":{"type":"branch","line":20,"loc":{"start":{"line":20,"column":14},"end":{"line":24,"column":2}},"locations":[{"start":{"line":20,"column":14},"end":{"line":24,"column":2}}]},"16":{"type":"branch","line":21,"loc":{"start":{"line":21,"column":31},"end":{"line":21,"column":111}},"locations":[{"start":{"line":21,"column":31},"end":{"line":21,"column":111}}]},"17":{"type":"branch","line":21,"loc":{"start":{"line":21,"column":41},"end":{"line":21,"column":71}},"locations":[{"start":{"line":21,"column":41},"end":{"line":21,"column":71}}]},"18":{"type":"branch","line":21,"loc":{"start":{"line":21,"column":41},"end":{"line":21,"column":111}},"locations":[{"start":{"line":21,"column":41},"end":{"line":21,"column":111}}]}},"b":{"0":[13],"1":[1],"2":[12],"3":[3],"4":[9],"5":[7],"6":[2],"7":[15],"8":[4],"9":[11],"10":[4],"11":[4],"12":[2],"13":[5],"14":[3],"15":[5],"16":[18],"17":[4],"18":[14]},"fnMap":{"0":{"name":"stringify","decl":{"start":{"line":3,"column":19},"end":{"line":8,"column":2}},"loc":{"start":{"line":3,"column":19},"end":{"line":8,"column":2}},"line":3},"1":{"name":"getPropPath","decl":{"start":{"line":10,"column":20},"end":{"line":10,"column":79}},"loc":{"start":{"line":10,"column":20},"end":{"line":10,"column":79}},"line":10},"2":{"name":"nested","decl":{"start":{"line":13,"column":10},"end":{"line":13,"column":52}},"loc":{"start":{"line":13,"column":10},"end":{"line":13,"column":52}},"line":13},"3":{"name":"changed","decl":{"start":{"line":14,"column":11},"end":{"line":14,"column":148}},"loc":{"start":{"line":14,"column":11},"end":{"line":14,"column":148}},"line":14},"4":{"name":"deleted","decl":{"start":{"line":15,"column":11},"end":{"line":15,"column":81}},"loc":{"start":{"line":15,"column":11},"end":{"line":15,"column":81}},"line":15},"5":{"name":"added","decl":{"start":{"line":16,"column":9},"end":{"line":16,"column":116}},"loc":{"start":{"line":16,"column":9},"end":{"line":16,"column":116}},"line":16},"6":{"name":"unchanged","decl":{"start":{"line":17,"column":13},"end":{"line":17,"column":22}},"loc":{"start":{"line":17,"column":13},"end":{"line":17,"column":22}},"line":17},"7":{"name":"plain","decl":{"start":{"line":20,"column":14},"end":{"line":24,"column":2}},"loc":{"start":{"line":20,"column":14},"end":{"line":24,"column":2}},"line":20}},"f":{"0":13,"1":15,"2":4,"3":4,"4":2,"5":5,"6":3,"7":5}}
,"/mnt/d/Work/hexletUserHelp/frontend-project-lvl2/src/formatters/stylish.js": {"path":"/mnt/d/Work/hexletUserHelp/frontend-project-lvl2/src/formatters/stylish.js","all":false,"statementMap":{"0":{"start":{"line":1,"column":0},"end":{"line":1,"column":23}},"1":{"start":{"line":2,"column":0},"end":{"line":2,"column":0}},"2":{"start":{"line":3,"column":0},"end":{"line":3,"column":22}},"3":{"start":{"line":4,"column":0},"end":{"line":4,"column":25}},"4":{"start":{"line":5,"column":0},"end":{"line":5,"column":73}},"5":{"start":{"line":6,"column":0},"end":{"line":6,"column":0}},"6":{"start":{"line":7,"column":0},"end":{"line":7,"column":43}},"7":{"start":{"line":8,"column":0},"end":{"line":8,"column":45}},"8":{"start":{"line":9,"column":0},"end":{"line":9,"column":0}},"9":{"start":{"line":10,"column":0},"end":{"line":10,"column":37}},"10":{"start":{"line":11,"column":0},"end":{"line":11,"column":71}},"11":{"start":{"line":12,"column":0},"end":{"line":12,"column":58}},"12":{"start":{"line":13,"column":0},"end":{"line":13,"column":2}},"13":{"start":{"line":14,"column":0},"end":{"line":14,"column":0}},"14":{"start":{"line":15,"column":0},"end":{"line":15,"column":15}},"15":{"start":{"line":16,"column":0},"end":{"line":16,"column":41}},"16":{"start":{"line":17,"column":0},"end":{"line":17,"column":81}},"17":{"start":{"line":18,"column":0},"end":{"line":18,"column":88}},"18":{"start":{"line":19,"column":0},"end":{"line":19,"column":4}},"19":{"start":{"line":20,"column":0},"end":{"line":20,"column":48}},"20":{"start":{"line":21,"column":0},"end":{"line":21,"column":83}},"21":{"start":{"line":22,"column":0},"end":{"line":22,"column":83}},"22":{"start":{"line":23,"column":0},"end":{"line":23,"column":0}},"23":{"start":{"line":24,"column":0},"end":{"line":24,"column":26}},"24":{"start":{"line":25,"column":0},"end":{"line":25,"column":4}},"25":{"start":{"line":26,"column":0},"end":{"line":26,"column":102}},"26":{"start":{"line":27,"column":0},"end":{"line":27,"column":100}},"27":{"start":{"line":28,"column":0},"end":{"line":28,"column":104}},"28":{"start":{"line":29,"column":0},"end":{"line":29,"column":2}},"29":{"start":{"line":30,"column":0},"end":{"line":30,"column":0}},"30":{"start":{"line":31,"column":0},"end":{"line":31,"column":38}},"31":{"start":{"line":32,"column":0},"end":{"line":32,"column":75}},"32":{"start":{"line":33,"column":0},"end":{"line":33,"column":38}},"33":{"start":{"line":34,"column":0},"end":{"line":34,"column":2}},"34":{"start":{"line":35,"column":0},"end":{"line":35,"column":0}},"35":{"start":{"line":36,"column":0},"end":{"line":36,"column":23}}},"s":{"0":1,"1":1,"2":1,"3":1,"4":1,"5":1,"6":1,"7":41,"8":8,"9":8,"10":8,"11":8,"12":8,"13":1,"14":1,"15":1,"16":6,"17":6,"18":6,"19":1,"20":9,"21":9,"22":9,"23":9,"24":9,"25":1,"26":1,"27":1,"28":1,"29":1,"30":1,"31":1,"32":1,"33":1,"34":1,"35":1},"branchMap":{"0":{"type":"branch","line":5,"loc":{"start":{"line":5,"column":18},"end":{"line":5,"column":37}},"locations":[{"start":{"line":5,"column":18},"end":{"line":5,"column":37}}]},"1":{"type":"branch","line":7,"loc":{"start":{"line":7,"column":18},"end":{"line":13,"column":2}},"locations":[{"start":{"line":7,"column":18},"end":{"line":13,"column":2}}]},"2":{"type":"branch","line":8,"loc":{"start":{"line":8,"column":25},"end":{"line":8,"column":32}},"locations":[{"start":{"line":8,"column":25},"end":{"line":8,"column":32}}]},"3":{"type":"branch","line":8,"loc":{"start":{"line":8,"column":25},"end":{"line":13,"column":2}},"locations":[{"start":{"line":8,"column":25},"end":{"line":13,"column":2}}]},"4":{"type":"branch","line":11,"loc":{"start":{"line":11,"column":9},"end":{"line":11,"column":32}},"locations":[{"start":{"line":11,"column":9},"end":{"line":11,"column":32}}]},"5":{"type":"branch","line":16,"loc":{"start":{"line":16,"column":10},"end":{"line":19,"column":4}},"locations":[{"start":{"line":16,"column":10},"end":{"line":19,"column":4}}]},"6":{"type":"branch","line":17,"loc":{"start":{"line":17,"column":37},"end":{"line":17,"column":51}},"locations":[{"start":{"line":17,"column":37},"end":{"line":17,"column":51}}]},"7":{"type":"branch","line":20,"loc":{"start":{"line":20,"column":11},"end":{"line":25,"column":4}},"locations":[{"start":{"line":20,"column":11},"end":{"line":25,"column":4}}]},"8":{"type":"branch","line":26,"loc":{"start":{"line":26,"column":11},"end":{"line":26,"column":102}},"locations":[{"start":{"line":26,"column":11},"end":{"line":26,"column":102}}]},"9":{"type":"branch","line":27,"loc":{"start":{"line":27,"column":9},"end":{"line":27,"column":100}},"locations":[{"start":{"line":27,"column":9},"end":{"line":27,"column":100}}]},"10":{"type":"branch","line":28,"loc":{"start":{"line":28,"column":13},"end":{"line":28,"column":104}},"locations":[{"start":{"line":28,"column":13},"end":{"line":28,"column":104}}]},"11":{"type":"branch","line":31,"loc":{"start":{"line":31,"column":16},"end":{"line":34,"column":2}},"locations":[{"start":{"line":31,"column":16},"end":{"line":34,"column":2}}]},"12":{"type":"branch","line":32,"loc":{"start":{"line":32,"column":31},"end":{"line":32,"column":45}},"locations":[{"start":{"line":32,"column":31},"end":{"line":32,"column":45}}]}},"b":{"0":[61],"1":[41],"2":[33],"3":[8],"4":[10],"5":[6],"6":[23],"7":[9],"8":[3],"9":[7],"10":[13],"11":[1],"12":[5]},"fnMap":{"0":{"name":"getIdent","decl":{"start":{"line":5,"column":18},"end":{"line":5,"column":37}},"loc":{"start":{"line":5,"column":18},"end":{"line":5,"column":37}},"line":5},"1":{"name":"stringify","decl":{"start":{"line":7,"column":18},"end":{"line":13,"column":2}},"loc":{"start":{"line":7,"column":18},"end":{"line":13,"column":2}},"line":7},"2":{"name":"nested","decl":{"start":{"line":16,"column":10},"end":{"line":19,"column":4}},"loc":{"start":{"line":16,"column":10},"end":{"line":19,"column":4}},"line":16},"3":{"name":"changed","decl":{"start":{"line":20,"column":11},"end":{"line":25,"column":4}},"loc":{"start":{"line":20,"column":11},"end":{"line":25,"column":4}},"line":20},"4":{"name":"deleted","decl":{"start":{"line":26,"column":11},"end":{"line":26,"column":102}},"loc":{"start":{"line":26,"column":11},"end":{"line":26,"column":102}},"line":26},"5":{"name":"added","decl":{"start":{"line":27,"column":9},"end":{"line":27,"column":100}},"loc":{"start":{"line":27,"column":9},"end":{"line":27,"column":100}},"line":27},"6":{"name":"unchanged","decl":{"start":{"line":28,"column":13},"end":{"line":28,"column":104}},"loc":{"start":{"line":28,"column":13},"end":{"line":28,"column":104}},"line":28},"7":{"name":"stylish","decl":{"start":{"line":31,"column":16},"end":{"line":34,"column":2}},"loc":{"start":{"line":31,"column":16},"end":{"line":34,"column":2}},"line":31}},"f":{"0":61,"1":41,"2":6,"3":9,"4":3,"5":7,"6":13,"7":1}}
}
