TN:
SF:index.js
FNF:0
FNH:0
DA:1,1
DA:2,1
DA:3,1
LF:3
LH:3
BRF:0
BRH:0
end_of_record
TN:
SF:__fixtures__/gendiff.fixture.js
FNF:0
FNH:0
DA:1,1
DA:2,1
DA:3,1
DA:4,1
DA:5,1
LF:5
LH:5
BRF:0
BRH:0
end_of_record
TN:
SF:src/genDiffTree.js
FN:3,genDiffTree
FNF:1
FNH:1
FNDA:24,genDiffTree
DA:1,1
DA:2,1
DA:3,1
DA:4,24
DA:5,24
DA:6,24
DA:7,24
DA:8,92
DA:9,92
DA:10,92
DA:11,92
DA:12,92
DA:13,92
DA:14,92
DA:15,10
DA:16,10
DA:17,92
DA:18,24
DA:19,24
DA:20,92
DA:21,20
DA:22,20
DA:23,92
DA:24,26
DA:25,26
DA:26,26
DA:27,26
DA:28,12
DA:29,12
DA:30,24
DA:31,24
DA:32,24
DA:33,1
DA:34,1
LF:34
LH:34
BRDA:3,0,0,24
BRDA:7,1,0,92
BRDA:14,2,0,10
BRDA:17,3,0,82
BRDA:17,4,0,24
BRDA:20,5,0,58
BRDA:20,6,0,24
BRDA:20,7,0,20
BRDA:23,8,0,38
BRDA:23,9,0,26
BRDA:28,10,0,12
BRF:11
BRH:11
end_of_record
TN:
SF:src/index.js
FN:7,getPath
FN:12,genDiff
FNF:2
FNH:2
FNDA:6,getPath
FNDA:3,genDiff
DA:1,1
DA:2,1
DA:3,1
DA:4,1
DA:5,1
DA:6,1
DA:7,1
DA:8,6
DA:9,6
DA:10,6
DA:11,1
DA:12,1
DA:13,3
DA:14,3
DA:15,3
DA:16,3
DA:17,3
DA:18,3
DA:19,3
DA:20,3
DA:21,3
DA:22,3
DA:23,1
DA:24,1
LF:24
LH:24
BRDA:7,0,0,6
BRDA:12,1,0,3
BRF:2
BRH:2
end_of_record
TN:
SF:src/parsers.js
FN:10,parseRowData
FNF:1
FNH:1
FNDA:8,parseRowData
DA:1,1
DA:2,1
DA:3,1
DA:4,1
DA:5,1
DA:6,1
DA:7,1
DA:8,1
DA:9,1
DA:10,1
DA:11,8
DA:12,8
DA:13,8
DA:14,8
DA:15,8
DA:16,8
DA:17,1
DA:18,1
LF:18
LH:18
BRDA:10,0,0,8
BRDA:13,1,0,0
BRF:2
BRH:1
end_of_record
TN:
SF:src/formatters/index.js
FN:10,chooseFormatter
FNF:1
FNH:1
FNDA:3,chooseFormatter
DA:1,1
DA:2,1
DA:3,1
DA:4,1
DA:5,1
DA:6,1
DA:7,1
DA:8,1
DA:9,1
DA:10,1
DA:11,1
DA:12,1
LF:12
LH:12
BRDA:10,0,0,3
BRF:1
BRH:1
end_of_record
TN:
SF:src/formatters/plain.js
FN:3,stringify
FN:10,getPropPath
FN:13,nested
FN:14,changed
FN:15,deleted
FN:16,added
FN:17,unchanged
FN:20,plain
FNF:8
FNH:8
FNDA:13,stringify
FNDA:15,getPropPath
FNDA:4,nested
FNDA:4,changed
FNDA:2,deleted
FNDA:5,added
FNDA:3,unchanged
FNDA:5,plain
DA:1,1
DA:2,1
DA:3,1
DA:4,13
DA:5,13
DA:6,13
DA:7,2
DA:8,2
DA:9,1
DA:10,1
DA:11,1
DA:12,1
DA:13,1
DA:14,1
DA:15,1
DA:16,1
DA:17,1
DA:18,1
DA:19,1
DA:20,1
DA:21,5
DA:22,5
DA:23,5
DA:24,5
DA:25,1
DA:26,1
LF:26
LH:26
BRDA:3,0,0,13
BRDA:4,1,0,1
BRDA:4,2,0,12
BRDA:5,3,0,3
BRDA:5,4,0,9
BRDA:6,5,0,7
BRDA:6,6,0,2
BRDA:10,7,0,15
BRDA:10,8,0,4
BRDA:10,9,0,11
BRDA:13,10,0,4
BRDA:14,11,0,4
BRDA:15,12,0,2
BRDA:16,13,0,5
BRDA:17,14,0,3
BRDA:20,15,0,5
BRDA:21,16,0,18
BRDA:21,17,0,4
BRDA:21,18,0,14
BRF:19
BRH:19
end_of_record
TN:
SF:src/formatters/stylish.js
FN:5,getIdent
FN:7,stringify
FN:16,nested
FN:20,changed
FN:26,deleted
FN:27,added
FN:28,unchanged
FN:31,stylish
FNF:8
FNH:8
FNDA:61,getIdent
FNDA:41,stringify
FNDA:6,nested
FNDA:9,changed
FNDA:3,deleted
FNDA:7,added
FNDA:13,unchanged
FNDA:1,stylish
DA:1,1
DA:2,1
DA:3,1
DA:4,1
DA:5,1
DA:6,1
DA:7,1
DA:8,41
DA:9,8
DA:10,8
DA:11,8
DA:12,8
DA:13,8
DA:14,1
DA:15,1
DA:16,1
DA:17,6
DA:18,6
DA:19,6
DA:20,1
DA:21,9
DA:22,9
DA:23,9
DA:24,9
DA:25,9
DA:26,1
DA:27,1
DA:28,1
DA:29,1
DA:30,1
DA:31,1
DA:32,1
DA:33,1
DA:34,1
DA:35,1
DA:36,1
LF:36
LH:36
BRDA:5,0,0,61
BRDA:7,1,0,41
BRDA:8,2,0,33
BRDA:8,3,0,8
BRDA:11,4,0,10
BRDA:16,5,0,6
BRDA:17,6,0,23
BRDA:20,7,0,9
BRDA:26,8,0,3
BRDA:27,9,0,7
BRDA:28,10,0,13
BRDA:31,11,0,1
BRDA:32,12,0,5
BRF:13
BRH:13
end_of_record
